{"ts":1712499111386,"action":"PROJECT_OPENED","tags":{"PROJECT_NAME":"android"}}
{"ts":1712499120468,"action":"FILE_OPENED","file":"/build.gradle","tags":{"FILE_LINE_OF_CODE":"56"}}
{"ts":1712499174559,"action":"FILE_CLOSED","file":"/build.gradle","tags":{"FILE_LINE_OF_CODE":"56"}}
{"ts":1712499977121,"action":"FILE_OPENED","file":"/build.gradle","tags":{"FILE_LINE_OF_CODE":"56"}}
{"ts":1712500275624,"action":"IDE_DEACTIVATED"}
{"ts":1712500289940,"action":"IDE_ACTIVATED"}
{"ts":1712500304743,"action":"FILE_CLOSED","file":"/build.gradle","tags":{"FILE_LINE_OF_CODE":"56"}}
{"ts":1712500304743,"action":"FILE_OPENED","file":"/settings.gradle","tags":{"FILE_LINE_OF_CODE":"3"}}
{"ts":1712500320418,"action":"IDE_DEACTIVATED"}
{"ts":1712500328148,"action":"IDE_ACTIVATED"}
{"ts":1712500384490,"action":"FILE_CLOSED","file":"/settings.gradle","tags":{"FILE_LINE_OF_CODE":"4"}}
{"ts":1712500384490,"action":"FILE_OPENED","file":"/monnifySdk/build.gradle","tags":{"FILE_LINE_OF_CODE":"136"}}
{"ts":1712500427895,"action":"FILE_OPENED","file":"/settings.gradle","tags":{"FILE_LINE_OF_CODE":"4"}}
{"ts":1712500438757,"action":"IDE_DEACTIVATED"}
{"ts":1712500596403,"action":"IDE_ACTIVATED"}
{"ts":1712500606732,"action":"IDE_DEACTIVATED"}
{"ts":1712500611024,"action":"IDE_ACTIVATED"}
{"ts":1712500622246,"action":"FILE_CLOSED","file":"/settings.gradle","tags":{"FILE_LINE_OF_CODE":"3"}}
{"ts":1712500622246,"action":"FILE_OPENED","file":"/build.gradle","tags":{"FILE_LINE_OF_CODE":"56"}}
{"ts":1712500636602,"action":"FILE_CLOSED","file":"/build.gradle","tags":{"FILE_LINE_OF_CODE":"56"}}
{"ts":1712500636602,"action":"FILE_OPENED","file":"/sdk/build.gradle","tags":{"FILE_LINE_OF_CODE":"136"}}
{"ts":1712500691925,"action":"IDE_DEACTIVATED"}
{"ts":1712500704169,"action":"FILE_CLOSED","file":"/sdk/build.gradle","tags":{"FILE_LINE_OF_CODE":"136"}}
{"ts":1712500704670,"action":"IDE_ACTIVATED"}
{"ts":1712500723548,"action":"FILE_OPENED","file":"/sdk/build.gradle","tags":{"FILE_LINE_OF_CODE":"136"}}
{"ts":1712500729002,"action":"FILE_CLOSED","file":"/sdk/build.gradle","tags":{"FILE_LINE_OF_CODE":"136"}}
{"ts":1712500732684,"action":"FILE_OPENED","file":"/sdk/build.gradle","tags":{"FILE_LINE_OF_CODE":"136"}}
{"ts":1712501321255,"action":"IDE_DEACTIVATED"}
{"ts":1712501408205,"action":"IDE_ACTIVATED"}
{"ts":1712501412332,"action":"IDE_DEACTIVATED"}
{"ts":1712502331621,"action":"IDE_ACTIVATED"}
{"ts":1712502335120,"action":"IDE_DEACTIVATED"}
{"ts":1712502460284,"action":"IDE_ACTIVATED"}
{"ts":1712503362110,"action":"IDE_DEACTIVATED"}
{"ts":1712503367116,"action":"IDE_ACTIVATED"}
{"ts":1712504229043,"action":"FILE_CLOSED","file":"/sdk/build.gradle","tags":{"FILE_LINE_OF_CODE":"137"}}
{"ts":1712504229043,"action":"FILE_OPENED","file":"/settings.gradle","tags":{"FILE_LINE_OF_CODE":"3"}}
{"ts":1712504236992,"action":"FILE_CLOSED","file":"/settings.gradle","tags":{"FILE_LINE_OF_CODE":"3"}}
{"ts":1712504236992,"action":"FILE_OPENED","file":"/sdk/build.gradle","tags":{"FILE_LINE_OF_CODE":"137"}}
{"ts":1712504271450,"action":"FILE_CLOSED","file":"/sdk/build.gradle","tags":{"FILE_LINE_OF_CODE":"137"}}
{"ts":1712504271450,"action":"FILE_OPENED","file":"/build.gradle","tags":{"FILE_LINE_OF_CODE":"56"}}
{"ts":1712504326712,"action":"FILE_CLOSED","file":"/build.gradle","tags":{"FILE_LINE_OF_CODE":"57"}}
{"ts":1712504326712,"action":"FILE_OPENED","file":"/src/main/kotlin/com/monnify/monnify_payment_sdk/MonnifyPaymentSdkPlugin.kt","tags":{"FILE_LINE_OF_CODE":"250"}}
{"ts":1712504340631,"action":"FILE_CLOSED","file":"/src/main/kotlin/com/monnify/monnify_payment_sdk/MonnifyPaymentSdkPlugin.kt","tags":{"FILE_LINE_OF_CODE":"250"}}
{"ts":1712504340631,"action":"FILE_OPENED","file":"/sdk/src/main/java/com/teamapt/monnify/sdk/service/ApplicationMode.kt","tags":{"FILE_LINE_OF_CODE":"5"}}
{"ts":1712504346680,"action":"FILE_CLOSED","file":"/sdk/src/main/java/com/teamapt/monnify/sdk/service/ApplicationMode.kt","tags":{"FILE_LINE_OF_CODE":"5"}}
{"ts":1712504346680,"action":"FILE_OPENED","file":"/settings.gradle","tags":{"FILE_LINE_OF_CODE":"3"}}
{"ts":1712504351392,"action":"FILE_CLOSED","file":"/settings.gradle","tags":{"FILE_LINE_OF_CODE":"3"}}
{"ts":1712504351392,"action":"FILE_OPENED","file":"/src/main/kotlin/com/monnify/monnify_payment_sdk/MonnifyPaymentSdkPlugin.kt","tags":{"FILE_LINE_OF_CODE":"250"}}
{"ts":1712504355858,"action":"FILE_CLOSED","file":"/src/main/kotlin/com/monnify/monnify_payment_sdk/MonnifyPaymentSdkPlugin.kt","tags":{"FILE_LINE_OF_CODE":"250"}}
{"ts":1712504355858,"action":"FILE_OPENED","file":"/build.gradle","tags":{"FILE_LINE_OF_CODE":"57"}}
{"ts":1712504362220,"action":"FILE_CLOSED","file":"/build.gradle","tags":{"FILE_LINE_OF_CODE":"57"}}
{"ts":1712504362220,"action":"FILE_OPENED","file":"/src/main/kotlin/com/monnify/monnify_payment_sdk/MonnifyPaymentSdkPlugin.kt","tags":{"FILE_LINE_OF_CODE":"250"}}
{"ts":1712504368886,"action":"FILE_CLOSED","file":"/src/main/kotlin/com/monnify/monnify_payment_sdk/MonnifyPaymentSdkPlugin.kt","tags":{"FILE_LINE_OF_CODE":"250"}}
{"ts":1712504368886,"action":"FILE_OPENED","file":"/build.gradle","tags":{"FILE_LINE_OF_CODE":"57"}}
{"ts":1712504397583,"action":"FILE_CLOSED","file":"/build.gradle","tags":{"FILE_LINE_OF_CODE":"57"}}
{"ts":1712504397583,"action":"FILE_OPENED","file":"/src/main/kotlin/com/monnify/monnify_payment_sdk/MonnifyPaymentSdkPlugin.kt","tags":{"FILE_LINE_OF_CODE":"250"}}
{"ts":1712504413012,"action":"PROJECT_CLOSED","tags":{"PROJECT_NAME":"monnify_payment_sdk"}}
{"ts":1712515564701,"action":"FILE_OPENED","file":"/build.gradle","tags":{"FILE_LINE_OF_CODE":"57"}}
{"ts":1712515564557,"action":"PROJECT_OPENED","tags":{"PROJECT_NAME":"monnify_payment_sdk"}}
{"ts":1712515565389,"action":"FILE_CLOSED","file":"/build.gradle","tags":{"FILE_LINE_OF_CODE":"57"}}
{"ts":1712515565389,"action":"FILE_OPENED","file":"/src/main/kotlin/com/monnify/monnify_payment_sdk/MonnifyPaymentSdkPlugin.kt","tags":{"FILE_LINE_OF_CODE":"250"}}
{"ts":1712515590231,"action":"FILE_CLOSED","file":"/src/main/kotlin/com/monnify/monnify_payment_sdk/MonnifyPaymentSdkPlugin.kt","tags":{"FILE_LINE_OF_CODE":"250"}}
{"ts":1712515590231,"action":"FILE_OPENED","file":"/build.gradle","tags":{"FILE_LINE_OF_CODE":"57"}}
{"ts":1712515599525,"action":"IDE_DEACTIVATED"}
{"ts":1712518335684,"action":"IDE_ACTIVATED"}
{"ts":1712518430718,"action":"FILE_CLOSED","file":"/build.gradle","tags":{"FILE_LINE_OF_CODE":"57"}}
{"ts":1712518430718,"action":"FILE_OPENED","file":"/settings.gradle","tags":{"FILE_LINE_OF_CODE":"3"}}
{"ts":1712518448896,"action":"FILE_CLOSED","file":"/settings.gradle","tags":{"FILE_LINE_OF_CODE":"3"}}
{"ts":1712518448896,"action":"FILE_OPENED","file":"/build.gradle","tags":{"FILE_LINE_OF_CODE":"57"}}
{"ts":1712518490087,"action":"FILE_CLOSED","file":"/build.gradle","tags":{"FILE_LINE_OF_CODE":"57"}}
{"ts":1712518490088,"action":"FILE_OPENED","file":"/src/main/kotlin/com/monnify/monnify_payment_sdk/MonnifyPaymentSdkPlugin.kt","tags":{"FILE_LINE_OF_CODE":"250"}}
{"ts":1712518542405,"action":"FILE_CLOSED","file":"/src/main/kotlin/com/monnify/monnify_payment_sdk/MonnifyPaymentSdkPlugin.kt","tags":{"FILE_LINE_OF_CODE":"250"}}
{"ts":1712518542405,"action":"FILE_OPENED","file":"/src/main/AndroidManifest.xml","tags":{"FILE_LINE_OF_CODE":"4"}}
{"ts":1712518545334,"action":"FILE_CLOSED","file":"/src/main/AndroidManifest.xml","tags":{"FILE_LINE_OF_CODE":"4"}}
{"ts":1712518545334,"action":"FILE_OPENED","file":"/sdk/src/main/AndroidManifest.xml","tags":{"FILE_LINE_OF_CODE":"19"}}
{"ts":1712518571925,"action":"FILE_CLOSED","file":"/sdk/src/main/AndroidManifest.xml","tags":{"FILE_LINE_OF_CODE":"19"}}
{"ts":1712518571925,"action":"FILE_OPENED","file":"/sdk/build.gradle","tags":{"FILE_LINE_OF_CODE":"138"}}
{"ts":1712518593749,"action":"IDE_DEACTIVATED"}
{"ts":1712518655813,"action":"FILE_CLOSED","file":"/sdk/build.gradle","tags":{"FILE_LINE_OF_CODE":"138"}}
{"ts":1712518656228,"action":"IDE_ACTIVATED"}
{"ts":1712518680392,"action":"FILE_OPENED","file":"/sdk/build.gradle","tags":{"FILE_LINE_OF_CODE":"138"}}
{"ts":1712518701599,"action":"FILE_CLOSED","file":"/sdk/build.gradle","tags":{"FILE_LINE_OF_CODE":"138"}}
{"ts":1712518701599,"action":"FILE_OPENED","file":"/build.gradle","tags":{"FILE_LINE_OF_CODE":"57"}}
{"ts":1712518774656,"action":"IDE_DEACTIVATED"}
{"ts":1712518782898,"action":"IDE_ACTIVATED"}
{"ts":1712518807084,"action":"FILE_CLOSED","file":"/build.gradle","tags":{"FILE_LINE_OF_CODE":"58"}}
{"ts":1712518807084,"action":"FILE_OPENED","file":"/settings.gradle","tags":{"FILE_LINE_OF_CODE":"4"}}
{"ts":1712518847898,"action":"FILE_CLOSED","file":"/settings.gradle","tags":{"FILE_LINE_OF_CODE":"3"}}
{"ts":1712518847898,"action":"FILE_OPENED","file":"/build.gradle","tags":{"FILE_LINE_OF_CODE":"58"}}
{"ts":1712518858532,"action":"FILE_CLOSED","file":"/build.gradle","tags":{"FILE_LINE_OF_CODE":"58"}}
{"ts":1712518858532,"action":"FILE_OPENED","file":"/monisdk/build.gradle","tags":{"FILE_LINE_OF_CODE":"136"}}
{"ts":1712518870354,"action":"IDE_DEACTIVATED"}
{"ts":1712518876402,"action":"FILE_CLOSED","file":"/monisdk/build.gradle","tags":{"FILE_LINE_OF_CODE":"136"}}
{"ts":1712518876973,"action":"IDE_ACTIVATED"}
{"ts":1712518882087,"action":"FILE_OPENED","file":"/monisdk/build.gradle","tags":{"FILE_LINE_OF_CODE":"136"}}
{"ts":1712518883419,"action":"IDE_DEACTIVATED"}
{"ts":1712518893070,"action":"FILE_CLOSED","file":"/monisdk/build.gradle","tags":{"FILE_LINE_OF_CODE":"136"}}
{"ts":1712518893476,"action":"IDE_ACTIVATED"}
{"ts":1712518930820,"action":"FILE_OPENED","file":"/build.gradle","tags":{"FILE_LINE_OF_CODE":"58"}}
{"ts":1712518963804,"action":"FILE_CLOSED","file":"/build.gradle","tags":{"FILE_LINE_OF_CODE":"65"}}
{"ts":1712518963804,"action":"FILE_OPENED","file":"/monisdk/build.gradle","tags":{"FILE_LINE_OF_CODE":"136"}}
{"ts":1712518993202,"action":"FILE_CLOSED","file":"/monisdk/build.gradle","tags":{"FILE_LINE_OF_CODE":"136"}}
{"ts":1712519003062,"action":"FILE_OPENED","file":"/build.gradle","tags":{"FILE_LINE_OF_CODE":"65"}}
{"ts":1712519027048,"action":"FILE_CLOSED","file":"/build.gradle","tags":{"FILE_LINE_OF_CODE":"68"}}
{"ts":1712519060488,"action":"FILE_OPENED","file":"/monisdk/build.gradle","tags":{"FILE_LINE_OF_CODE":"136"}}
{"ts":1712519062380,"action":"FILE_CLOSED","file":"/monisdk/build.gradle","tags":{"FILE_LINE_OF_CODE":"136"}}
{"ts":1712519062380,"action":"FILE_OPENED","file":"/build.gradle","tags":{"FILE_LINE_OF_CODE":"68"}}
{"ts":1712519090447,"action":"FILE_CLOSED","file":"/build.gradle","tags":{"FILE_LINE_OF_CODE":"68"}}
{"ts":1712519090447,"action":"FILE_OPENED","file":"/monisdk/build.gradle","tags":{"FILE_LINE_OF_CODE":"136"}}
{"ts":1712519118034,"action":"FILE_CLOSED","file":"/monisdk/build.gradle","tags":{"FILE_LINE_OF_CODE":"136"}}
{"ts":1712519118034,"action":"FILE_OPENED","file":"/build.gradle","tags":{"FILE_LINE_OF_CODE":"68"}}
{"ts":1712519122156,"action":"FILE_CLOSED","file":"/build.gradle","tags":{"FILE_LINE_OF_CODE":"68"}}
{"ts":1712519122156,"action":"FILE_OPENED","file":"/monisdk/build.gradle","tags":{"FILE_LINE_OF_CODE":"136"}}
{"ts":1712519131877,"action":"FILE_CLOSED","file":"/monisdk/build.gradle","tags":{"FILE_LINE_OF_CODE":"136"}}
{"ts":1712519138597,"action":"FILE_OPENED","file":"/monisdk/build.gradle","tags":{"FILE_LINE_OF_CODE":"136"}}
{"ts":1712519203697,"action":"FILE_CLOSED","file":"/monisdk/build.gradle","tags":{"FILE_LINE_OF_CODE":"136"}}
{"ts":1712519203697,"action":"FILE_OPENED","file":"/build.gradle","tags":{"FILE_LINE_OF_CODE":"68"}}
{"ts":1712519252596,"action":"FILE_CLOSED","file":"/build.gradle","tags":{"FILE_LINE_OF_CODE":"68"}}
{"ts":1712519252596,"action":"FILE_OPENED","file":"/src/main/kotlin/com/monnify/monnify_payment_sdk/MonnifyPaymentSdkPlugin.kt","tags":{"FILE_LINE_OF_CODE":"250"}}
{"ts":1712519265019,"action":"FILE_CLOSED","file":"/src/main/kotlin/com/monnify/monnify_payment_sdk/MonnifyPaymentSdkPlugin.kt","tags":{"FILE_LINE_OF_CODE":"250"}}
{"ts":1712519265019,"action":"FILE_OPENED","file":"/build.gradle","tags":{"FILE_LINE_OF_CODE":"68"}}
{"ts":1712519279922,"action":"FILE_CLOSED","file":"/build.gradle","tags":{"FILE_LINE_OF_CODE":"68"}}
{"ts":1712519279922,"action":"FILE_OPENED","file":"/src/main/kotlin/com/monnify/monnify_payment_sdk/MonnifyPaymentSdkPlugin.kt","tags":{"FILE_LINE_OF_CODE":"250"}}
{"ts":1712519292538,"action":"FILE_CLOSED","file":"/src/main/kotlin/com/monnify/monnify_payment_sdk/MonnifyPaymentSdkPlugin.kt","tags":{"FILE_LINE_OF_CODE":"250"}}
{"ts":1712519295643,"action":"FILE_OPENED","file":"/build.gradle","tags":{"FILE_LINE_OF_CODE":"68"}}
{"ts":1712519349513,"action":"IDE_DEACTIVATED"}
{"ts":1712519468621,"action":"IDE_ACTIVATED"}
{"ts":1712519475859,"action":"FILE_CLOSED","file":"/build.gradle","tags":{"FILE_LINE_OF_CODE":"68"}}
{"ts":1712519475861,"action":"FILE_OPENED","file":"/src/main/kotlin/com/monnify/monnify_payment_sdk/MonnifyPaymentSdkPlugin.kt","tags":{"FILE_LINE_OF_CODE":"250"}}
{"ts":1712519518806,"action":"IDE_DEACTIVATED"}
{"ts":1712519525899,"action":"IDE_ACTIVATED"}
{"ts":1712519528084,"action":"IDE_DEACTIVATED"}
{"ts":1712519528088,"action":"IDE_ACTIVATED"}
{"ts":1712519532285,"action":"IDE_DEACTIVATED"}
{"ts":1712519551764,"action":"IDE_ACTIVATED"}
{"ts":1712519559288,"action":"IDE_DEACTIVATED"}
{"ts":1712519599451,"action":"IDE_ACTIVATED"}
{"ts":1712519604448,"action":"IDE_DEACTIVATED"}
{"ts":1712519630433,"action":"IDE_ACTIVATED"}
{"ts":1712519634775,"action":"IDE_DEACTIVATED"}
{"ts":1712519634855,"action":"IDE_ACTIVATED"}
{"ts":1712519639073,"action":"IDE_DEACTIVATED"}
{"ts":1712519661355,"action":"IDE_ACTIVATED"}
{"ts":1712519663621,"action":"IDE_DEACTIVATED"}
{"ts":1712519688280,"action":"IDE_ACTIVATED"}
{"ts":1712519694187,"action":"IDE_DEACTIVATED"}
{"ts":1712519695655,"action":"IDE_ACTIVATED"}
{"ts":1712519699249,"action":"IDE_DEACTIVATED"}
{"ts":1712519713785,"action":"IDE_ACTIVATED"}
{"ts":1712519765522,"action":"IDE_DEACTIVATED"}
{"ts":1712519832311,"action":"IDE_ACTIVATED"}
{"ts":1712519906623,"action":"IDE_DEACTIVATED"}
{"ts":1712519912598,"action":"IDE_ACTIVATED"}
{"ts":1712519918802,"action":"FILE_CLOSED","file":"/src/main/kotlin/com/monnify/monnify_payment_sdk/MonnifyPaymentSdkPlugin.kt","tags":{"FILE_LINE_OF_CODE":"250"}}
{"ts":1712519918802,"action":"FILE_OPENED","file":"/build.gradle","tags":{"FILE_LINE_OF_CODE":"68"}}
{"ts":1712520262664,"action":"IDE_DEACTIVATED"}
{"ts":1712521528910,"action":"IDE_ACTIVATED"}
{"ts":1712521540419,"action":"IDE_DEACTIVATED"}
{"ts":1712521542546,"action":"IDE_ACTIVATED"}
{"ts":1712521545019,"action":"IDE_DEACTIVATED"}
{"ts":1712521557868,"action":"IDE_ACTIVATED"}
{"ts":1712521558203,"action":"IDE_DEACTIVATED"}
{"ts":1712521605197,"action":"FILE_CLOSED","file":"/build.gradle","tags":{"FILE_LINE_OF_CODE":"68"}}
{"ts":1712521605724,"action":"IDE_ACTIVATED"}
{"ts":1712521609320,"action":"FILE_OPENED","file":"/build.gradle","tags":{"FILE_LINE_OF_CODE":"68"}}
{"ts":1712521611996,"action":"IDE_DEACTIVATED"}
{"ts":1712521667605,"action":"IDE_ACTIVATED"}
{"ts":1712521673039,"action":"IDE_DEACTIVATED"}
{"ts":1712521673048,"action":"IDE_ACTIVATED"}
{"ts":1712521691251,"action":"IDE_DEACTIVATED"}
{"ts":1712521709299,"action":"IDE_ACTIVATED"}
{"ts":1712521739340,"action":"IDE_DEACTIVATED"}
{"ts":1712521763827,"action":"IDE_ACTIVATED"}
{"ts":1712521814404,"action":"IDE_DEACTIVATED"}
{"ts":1712521901378,"action":"IDE_ACTIVATED"}
{"ts":1712521950306,"action":"IDE_DEACTIVATED"}
{"ts":1712522027605,"action":"IDE_ACTIVATED"}
{"ts":1712522049824,"action":"IDE_DEACTIVATED"}
{"ts":1712522056098,"action":"IDE_ACTIVATED"}
{"ts":1712522108282,"action":"IDE_DEACTIVATED"}
{"ts":1712522108284,"action":"IDE_ACTIVATED"}
{"ts":1712522133383,"action":"IDE_DEACTIVATED"}
{"ts":1712522134941,"action":"IDE_ACTIVATED"}
{"ts":1712522174879,"action":"IDE_DEACTIVATED"}
{"ts":1712522247766,"action":"IDE_ACTIVATED"}
{"ts":1712522297591,"action":"IDE_DEACTIVATED"}
{"ts":1712522297593,"action":"IDE_ACTIVATED"}
{"ts":1712522322168,"action":"IDE_DEACTIVATED"}
{"ts":1712522322171,"action":"IDE_ACTIVATED"}
{"ts":1712522383172,"action":"IDE_DEACTIVATED"}
{"ts":1712522402119,"action":"IDE_ACTIVATED"}
{"ts":1712522415274,"action":"FILE_CLOSED","file":"/build.gradle","tags":{"FILE_LINE_OF_CODE":"68"}}
{"ts":1712522415274,"action":"FILE_OPENED","file":"/src/main/kotlin/com/monnify/monnify_payment_sdk/MonnifyPaymentSdkPlugin.kt","tags":{"FILE_LINE_OF_CODE":"250"}}
{"ts":1712522427023,"action":"IDE_DEACTIVATED"}
{"ts":1712522444503,"action":"IDE_ACTIVATED"}
{"ts":1712522447441,"action":"FILE_CLOSED","file":"/src/main/kotlin/com/monnify/monnify_payment_sdk/MonnifyPaymentSdkPlugin.kt","tags":{"FILE_LINE_OF_CODE":"250"}}
{"ts":1712522447441,"action":"FILE_OPENED","file":"/gradle.properties","tags":{"FILE_LINE_OF_CODE":"16"}}
{"ts":1712522461028,"action":"IDE_DEACTIVATED"}
{"ts":1712522588177,"action":"IDE_ACTIVATED"}
{"ts":1712522598193,"action":"IDE_DEACTIVATED"}
{"ts":1712522644603,"action":"IDE_ACTIVATED"}
{"ts":1712522652429,"action":"FILE_CLOSED","file":"/gradle.properties","tags":{"FILE_LINE_OF_CODE":"18"}}
{"ts":1712522652429,"action":"FILE_OPENED","file":"/build.gradle","tags":{"FILE_LINE_OF_CODE":"68"}}
{"ts":1712522678686,"action":"IDE_DEACTIVATED"}
{"ts":1712522703625,"action":"IDE_ACTIVATED"}
{"ts":1712522711778,"action":"IDE_DEACTIVATED"}
{"ts":1712522715506,"action":"IDE_ACTIVATED"}
{"ts":1712522729833,"action":"IDE_DEACTIVATED"}
{"ts":1712522913814,"action":"IDE_ACTIVATED"}
{"ts":1712522926398,"action":"FILE_CLOSED","file":"/build.gradle","tags":{"FILE_LINE_OF_CODE":"69"}}
{"ts":1712522926398,"action":"FILE_OPENED","file":"/gradle.properties","tags":{"FILE_LINE_OF_CODE":"18"}}
{"ts":1712522933405,"action":"FILE_CLOSED","file":"/gradle.properties","tags":{"FILE_LINE_OF_CODE":"16"}}
{"ts":1712522933405,"action":"FILE_OPENED","file":"/build.gradle","tags":{"FILE_LINE_OF_CODE":"69"}}
{"ts":1712522943790,"action":"IDE_DEACTIVATED"}
{"ts":1712522954276,"action":"IDE_ACTIVATED"}
{"ts":1712523045176,"action":"IDE_DEACTIVATED"}
{"ts":1712523208277,"action":"IDE_ACTIVATED"}
{"ts":1712523212182,"action":"IDE_DEACTIVATED"}
{"ts":1712523212186,"action":"IDE_ACTIVATED"}
{"ts":1712523316994,"action":"IDE_DEACTIVATED"}
{"ts":1712523324782,"action":"IDE_ACTIVATED"}
{"ts":1712523326750,"action":"IDE_DEACTIVATED"}
{"ts":1712523371191,"action":"IDE_ACTIVATED"}
{"ts":1712523390960,"action":"IDE_DEACTIVATED"}
{"ts":1712523399350,"action":"IDE_ACTIVATED"}
{"ts":1712523499000,"action":"IDE_DEACTIVATED"}
{"ts":1712523510998,"action":"IDE_ACTIVATED"}
{"ts":1712523515781,"action":"IDE_DEACTIVATED"}
{"ts":1712523537492,"action":"IDE_ACTIVATED"}
{"ts":1712523540844,"action":"IDE_DEACTIVATED"}
{"ts":1712523570684,"action":"IDE_ACTIVATED"}
{"ts":1712523574235,"action":"IDE_DEACTIVATED"}
{"ts":1712531164365,"action":"IDE_ACTIVATED"}
{"ts":1712531168887,"action":"IDE_DEACTIVATED"}
{"ts":1712533919495,"action":"IDE_ACTIVATED"}
{"ts":1712533982734,"action":"IDE_DEACTIVATED"}
{"ts":1712533984315,"action":"IDE_ACTIVATED"}
{"ts":1712534114160,"action":"IDE_DEACTIVATED"}
{"ts":1712534114163,"action":"IDE_ACTIVATED"}
{"ts":1712534173035,"action":"IDE_DEACTIVATED"}
{"ts":1712534201113,"action":"IDE_ACTIVATED"}
{"ts":1712534286708,"action":"IDE_DEACTIVATED"}
{"ts":1712534292523,"action":"IDE_ACTIVATED"}
{"ts":1712534303703,"action":"IDE_DEACTIVATED"}
{"ts":1712534304985,"action":"IDE_ACTIVATED"}
{"ts":1712534564304,"action":"IDE_DEACTIVATED"}
{"ts":1712534564305,"action":"IDE_ACTIVATED"}
{"ts":1712534569014,"action":"IDE_DEACTIVATED"}
{"ts":1712534569015,"action":"IDE_ACTIVATED"}
{"ts":1712534637285,"action":"IDE_DEACTIVATED"}
{"ts":1712534637286,"action":"IDE_ACTIVATED"}
{"ts":1712534648231,"action":"FILE_CLOSED","file":"/build.gradle","tags":{"FILE_LINE_OF_CODE":"75"}}
{"ts":1712534648231,"action":"FILE_OPENED","file":"/src/main/kotlin/com/monnify/monnify_payment_sdk/MonnifyPaymentSdkPlugin.kt","tags":{"FILE_LINE_OF_CODE":"250"}}
{"ts":1712534660837,"action":"FILE_CLOSED","file":"/src/main/kotlin/com/monnify/monnify_payment_sdk/MonnifyPaymentSdkPlugin.kt","tags":{"FILE_LINE_OF_CODE":"250"}}
{"ts":1712534660837,"action":"FILE_OPENED","file":"/build.gradle","tags":{"FILE_LINE_OF_CODE":"75"}}
{"ts":1712534672214,"action":"FILE_CLOSED","file":"/build.gradle","tags":{"FILE_LINE_OF_CODE":"69"}}
{"ts":1712534672214,"action":"FILE_OPENED","file":"/settings.gradle","tags":{"FILE_LINE_OF_CODE":"2"}}
{"ts":1712534682530,"action":"FILE_CLOSED","file":"/settings.gradle","tags":{"FILE_LINE_OF_CODE":"2"}}
{"ts":1712534682530,"action":"FILE_OPENED","file":"/build.gradle","tags":{"FILE_LINE_OF_CODE":"69"}}
{"ts":1712534697823,"action":"FILE_CLOSED","file":"/build.gradle","tags":{"FILE_LINE_OF_CODE":"69"}}
{"ts":1712534697823,"action":"FILE_OPENED","file":"/settings.gradle","tags":{"FILE_LINE_OF_CODE":"2"}}
{"ts":1712534742983,"action":"IDE_DEACTIVATED"}
{"ts":1712534762497,"action":"IDE_ACTIVATED"}
{"ts":1712534818732,"action":"FILE_CLOSED","file":"/settings.gradle","tags":{"FILE_LINE_OF_CODE":"3"}}
{"ts":1712534818732,"action":"FILE_OPENED","file":"/build.gradle","tags":{"FILE_LINE_OF_CODE":"70"}}
{"ts":1712534871929,"action":"FILE_CLOSED","file":"/build.gradle","tags":{"FILE_LINE_OF_CODE":"70"}}
{"ts":1712534871929,"action":"FILE_OPENED","file":"/gradle.properties","tags":{"FILE_LINE_OF_CODE":"16"}}
{"ts":1712534874535,"action":"FILE_CLOSED","file":"/gradle.properties","tags":{"FILE_LINE_OF_CODE":"16"}}
{"ts":1712534874535,"action":"FILE_OPENED","file":"/build.gradle","tags":{"FILE_LINE_OF_CODE":"70"}}
{"ts":1712534910807,"action":"FILE_CLOSED","file":"/build.gradle","tags":{"FILE_LINE_OF_CODE":"70"}}
{"ts":1712534910807,"action":"FILE_OPENED","file":"/monisdk/build.gradle","tags":{"FILE_LINE_OF_CODE":"136"}}
{"ts":1712534939234,"action":"IDE_DEACTIVATED"}
{"ts":1712534945489,"action":"IDE_ACTIVATED"}
{"ts":1712534951313,"action":"IDE_DEACTIVATED"}
{"ts":1712534951341,"action":"IDE_ACTIVATED"}
{"ts":1712535047228,"action":"FILE_CLOSED","file":"/monisdk/build.gradle","tags":{"FILE_LINE_OF_CODE":"136"}}
{"ts":1712535047228,"action":"FILE_OPENED","file":"/src/main/kotlin/com/monnify/monnify_payment_sdk/MonnifyPaymentSdkPlugin.kt","tags":{"FILE_LINE_OF_CODE":"250"}}
{"ts":1712535054578,"action":"FILE_CLOSED","file":"/src/main/kotlin/com/monnify/monnify_payment_sdk/MonnifyPaymentSdkPlugin.kt","tags":{"FILE_LINE_OF_CODE":"250"}}
{"ts":1712535054578,"action":"FILE_OPENED","file":"/monisdk/src/main/java/com/teamapt/monnify/sdk/Monnify.kt","tags":{"FILE_LINE_OF_CODE":"108"}}
{"ts":1712535069343,"action":"FILE_CLOSED","file":"/monisdk/src/main/java/com/teamapt/monnify/sdk/Monnify.kt","tags":{"FILE_LINE_OF_CODE":"108"}}
{"ts":1712535069343,"action":"FILE_OPENED","file":"/settings.gradle","tags":{"FILE_LINE_OF_CODE":"3"}}
{"ts":1712535079934,"action":"IDE_DEACTIVATED"}
{"ts":1712535079939,"action":"IDE_ACTIVATED"}
{"ts":1712535256439,"action":"IDE_DEACTIVATED"}
{"ts":1712535267329,"action":"IDE_ACTIVATED"}
{"ts":1712535271222,"action":"IDE_DEACTIVATED"}
{"ts":1712535406116,"action":"IDE_ACTIVATED"}
{"ts":1712535413122,"action":"IDE_DEACTIVATED"}
{"ts":1712535413165,"action":"IDE_ACTIVATED"}
{"ts":1712535443855,"action":"IDE_DEACTIVATED"}
{"ts":1712535445739,"action":"IDE_ACTIVATED"}
{"ts":1712535474564,"action":"IDE_DEACTIVATED"}
{"ts":1712535484433,"action":"IDE_ACTIVATED"}
{"ts":1712535529040,"action":"IDE_DEACTIVATED"}
{"ts":1712535534478,"action":"IDE_ACTIVATED"}
{"ts":1712535555695,"action":"IDE_DEACTIVATED"}
{"ts":1712535581732,"action":"IDE_ACTIVATED"}
{"ts":1712535593581,"action":"IDE_DEACTIVATED"}
{"ts":1712535603868,"action":"IDE_ACTIVATED"}
{"ts":1712535614495,"action":"IDE_DEACTIVATED"}
{"ts":1712535621631,"action":"IDE_ACTIVATED"}
{"ts":1712535669002,"action":"IDE_DEACTIVATED"}
{"ts":1712535703869,"action":"IDE_ACTIVATED"}
{"ts":1712535720251,"action":"IDE_DEACTIVATED"}
{"ts":1712535725626,"action":"IDE_ACTIVATED"}
{"ts":1712535728225,"action":"IDE_DEACTIVATED"}
{"ts":1712535757812,"action":"IDE_ACTIVATED"}
{"ts":1712535771995,"action":"FILE_CLOSED","file":"/settings.gradle","tags":{"FILE_LINE_OF_CODE":"2"}}
{"ts":1712535771995,"action":"FILE_OPENED","file":"/build.gradle","tags":{"FILE_LINE_OF_CODE":"70"}}
{"ts":1712535842695,"action":"FILE_CLOSED","file":"/build.gradle","tags":{"FILE_LINE_OF_CODE":"69"}}
{"ts":1712535842695,"action":"FILE_OPENED","file":"/monisdk/src/main/AndroidManifest.xml","tags":{"FILE_LINE_OF_CODE":"19"}}
{"ts":1712535858313,"action":"FILE_CLOSED","file":"/monisdk/src/main/AndroidManifest.xml","tags":{"FILE_LINE_OF_CODE":"19"}}
{"ts":1712535858313,"action":"FILE_OPENED","file":"/src/main/AndroidManifest.xml","tags":{"FILE_LINE_OF_CODE":"4"}}
{"ts":1712535864244,"action":"FILE_CLOSED","file":"/src/main/AndroidManifest.xml","tags":{"FILE_LINE_OF_CODE":"16"}}
{"ts":1712535864244,"action":"FILE_OPENED","file":"/monisdk/src/main/AndroidManifest.xml","tags":{"FILE_LINE_OF_CODE":"19"}}
{"ts":1712535872793,"action":"FILE_CLOSED","file":"/monisdk/src/main/AndroidManifest.xml","tags":{"FILE_LINE_OF_CODE":"19"}}
{"ts":1712535872793,"action":"FILE_OPENED","file":"/src/main/AndroidManifest.xml","tags":{"FILE_LINE_OF_CODE":"16"}}
{"ts":1712535902542,"action":"FILE_CLOSED","file":"/src/main/AndroidManifest.xml","tags":{"FILE_LINE_OF_CODE":"19"}}
{"ts":1712535902542,"action":"FILE_OPENED","file":"/monisdk/build.gradle","tags":{"FILE_LINE_OF_CODE":"136"}}
{"ts":1712535926545,"action":"FILE_CLOSED","file":"/monisdk/build.gradle","tags":{"FILE_LINE_OF_CODE":"136"}}
{"ts":1712535926545,"action":"FILE_OPENED","file":"/monisdk/proguard-rules.pro","tags":{"FILE_LINE_OF_CODE":"9"}}
{"ts":1712535932492,"action":"FILE_CLOSED","file":"/monisdk/proguard-rules.pro","tags":{"FILE_LINE_OF_CODE":"9"}}
{"ts":1712535932492,"action":"FILE_OPENED","file":"/build.gradle","tags":{"FILE_LINE_OF_CODE":"69"}}
{"ts":1712535968032,"action":"FILE_CLOSED","file":"/build.gradle","tags":{"FILE_LINE_OF_CODE":"75"}}
{"ts":1712535968032,"action":"FILE_OPENED","file":"/monisdk/build.gradle","tags":{"FILE_LINE_OF_CODE":"136"}}
{"ts":1712535970355,"action":"FILE_CLOSED","file":"/monisdk/build.gradle","tags":{"FILE_LINE_OF_CODE":"136"}}
{"ts":1712535970355,"action":"FILE_OPENED","file":"/build.gradle","tags":{"FILE_LINE_OF_CODE":"75"}}
{"ts":1712535980100,"action":"FILE_CLOSED","file":"/build.gradle","tags":{"FILE_LINE_OF_CODE":"75"}}
{"ts":1712535980101,"action":"FILE_OPENED","file":"/monisdk/build.gradle","tags":{"FILE_LINE_OF_CODE":"136"}}
{"ts":1712535984555,"action":"FILE_CLOSED","file":"/monisdk/build.gradle","tags":{"FILE_LINE_OF_CODE":"136"}}
{"ts":1712535984555,"action":"FILE_OPENED","file":"/build.gradle","tags":{"FILE_LINE_OF_CODE":"75"}}
{"ts":1712535986633,"action":"FILE_CLOSED","file":"/build.gradle","tags":{"FILE_LINE_OF_CODE":"75"}}
{"ts":1712535986633,"action":"FILE_OPENED","file":"/monisdk/build.gradle","tags":{"FILE_LINE_OF_CODE":"136"}}
{"ts":1712535987650,"action":"FILE_CLOSED","file":"/monisdk/build.gradle","tags":{"FILE_LINE_OF_CODE":"136"}}
{"ts":1712535987650,"action":"FILE_OPENED","file":"/build.gradle","tags":{"FILE_LINE_OF_CODE":"75"}}
{"ts":1712535992650,"action":"FILE_CLOSED","file":"/build.gradle","tags":{"FILE_LINE_OF_CODE":"75"}}
{"ts":1712535992650,"action":"FILE_OPENED","file":"/monisdk/build.gradle","tags":{"FILE_LINE_OF_CODE":"136"}}
{"ts":1712536000877,"action":"FILE_CLOSED","file":"/monisdk/build.gradle","tags":{"FILE_LINE_OF_CODE":"136"}}
{"ts":1712536000877,"action":"FILE_OPENED","file":"/build.gradle","tags":{"FILE_LINE_OF_CODE":"75"}}
{"ts":1712536002849,"action":"FILE_CLOSED","file":"/build.gradle","tags":{"FILE_LINE_OF_CODE":"75"}}
{"ts":1712536002849,"action":"FILE_OPENED","file":"/monisdk/build.gradle","tags":{"FILE_LINE_OF_CODE":"136"}}
{"ts":1712536006112,"action":"FILE_CLOSED","file":"/monisdk/build.gradle","tags":{"FILE_LINE_OF_CODE":"136"}}
{"ts":1712536006112,"action":"FILE_OPENED","file":"/build.gradle","tags":{"FILE_LINE_OF_CODE":"75"}}
{"ts":1712536009455,"action":"FILE_CLOSED","file":"/build.gradle","tags":{"FILE_LINE_OF_CODE":"75"}}
{"ts":1712536009455,"action":"FILE_OPENED","file":"/monisdk/build.gradle","tags":{"FILE_LINE_OF_CODE":"136"}}
{"ts":1712536012993,"action":"FILE_CLOSED","file":"/monisdk/build.gradle","tags":{"FILE_LINE_OF_CODE":"136"}}
{"ts":1712536012993,"action":"FILE_OPENED","file":"/build.gradle","tags":{"FILE_LINE_OF_CODE":"75"}}
{"ts":1712536019198,"action":"FILE_CLOSED","file":"/build.gradle","tags":{"FILE_LINE_OF_CODE":"83"}}
{"ts":1712536019198,"action":"FILE_OPENED","file":"/monisdk/build.gradle","tags":{"FILE_LINE_OF_CODE":"136"}}
{"ts":1712536033727,"action":"FILE_CLOSED","file":"/monisdk/build.gradle","tags":{"FILE_LINE_OF_CODE":"136"}}
{"ts":1712536033727,"action":"FILE_OPENED","file":"/build.gradle","tags":{"FILE_LINE_OF_CODE":"83"}}
{"ts":1712536117204,"action":"FILE_CLOSED","file":"/build.gradle","tags":{"FILE_LINE_OF_CODE":"103"}}
{"ts":1712536117204,"action":"FILE_OPENED","file":"/monisdk/build.gradle","tags":{"FILE_LINE_OF_CODE":"136"}}
{"ts":1712536143621,"action":"FILE_CLOSED","file":"/monisdk/build.gradle","tags":{"FILE_LINE_OF_CODE":"136"}}
{"ts":1712536143621,"action":"FILE_OPENED","file":"/build.gradle","tags":{"FILE_LINE_OF_CODE":"103"}}
{"ts":1712536224617,"action":"FILE_CLOSED","file":"/build.gradle","tags":{"FILE_LINE_OF_CODE":"154"}}
{"ts":1712536224617,"action":"FILE_OPENED","file":"/src/main/kotlin/com/monnify/monnify_payment_sdk/MonnifyPaymentSdkPlugin.kt","tags":{"FILE_LINE_OF_CODE":"250"}}
{"ts":1712536246330,"action":"FILE_CLOSED","file":"/src/main/kotlin/com/monnify/monnify_payment_sdk/MonnifyPaymentSdkPlugin.kt","tags":{"FILE_LINE_OF_CODE":"250"}}
{"ts":1712536246331,"action":"FILE_OPENED","file":"/src/main/java/com/teamapt/monnify/sdk/MonnifyTransactionResponse.kt","tags":{"FILE_LINE_OF_CODE":"80"}}
{"ts":1712536258934,"action":"FILE_CLOSED","file":"/src/main/java/com/teamapt/monnify/sdk/MonnifyTransactionResponse.kt","tags":{"FILE_LINE_OF_CODE":"80"}}
{"ts":1712536258934,"action":"FILE_OPENED","file":"/build.gradle","tags":{"FILE_LINE_OF_CODE":"154"}}
{"ts":1712536329259,"action":"FILE_CLOSED","file":"/build.gradle","tags":{"FILE_LINE_OF_CODE":"155"}}
{"ts":1712536329259,"action":"FILE_OPENED","file":"/src/main/kotlin/com/monnify/monnify_payment_sdk/MonnifyPaymentSdkPlugin.kt","tags":{"FILE_LINE_OF_CODE":"250"}}
{"ts":1712536409686,"action":"IDE_DEACTIVATED"}
{"ts":1712536409688,"action":"IDE_ACTIVATED"}
{"ts":1712536755413,"action":"IDE_DEACTIVATED"}
{"ts":1712536755415,"action":"IDE_ACTIVATED"}
{"ts":1712536765236,"action":"FILE_CLOSED","file":"/src/main/kotlin/com/monnify/monnify_payment_sdk/MonnifyPaymentSdkPlugin.kt","tags":{"FILE_LINE_OF_CODE":"250"}}
{"ts":1712536765236,"action":"FILE_OPENED","file":"/build.gradle","tags":{"FILE_LINE_OF_CODE":"155"}}
{"ts":1712536774133,"action":"FILE_CLOSED","file":"/build.gradle","tags":{"FILE_LINE_OF_CODE":"155"}}
{"ts":1712536774133,"action":"FILE_OPENED","file":"/src/main/kotlin/com/monnify/monnify_payment_sdk/MonnifyPaymentSdkPlugin.kt","tags":{"FILE_LINE_OF_CODE":"250"}}
{"ts":1712536787144,"action":"FILE_CLOSED","file":"/src/main/kotlin/com/monnify/monnify_payment_sdk/MonnifyPaymentSdkPlugin.kt","tags":{"FILE_LINE_OF_CODE":"250"}}
{"ts":1712536787144,"action":"FILE_OPENED","file":"/src/main/java/com/teamapt/monnify/sdk/customview/MonnifyBrandContainer.kt","tags":{"FILE_LINE_OF_CODE":"16"}}
{"ts":1712536855152,"action":"FILE_CLOSED","file":"/src/main/java/com/teamapt/monnify/sdk/customview/MonnifyBrandContainer.kt","tags":{"FILE_LINE_OF_CODE":"16"}}
{"ts":1712536855152,"action":"FILE_OPENED","file":"/src/main/res/layout/plugin_monnify_brand_text_view.xml","tags":{"FILE_LINE_OF_CODE":"15"}}
{"ts":1712536907760,"action":"IDE_DEACTIVATED"}
{"ts":1712536923932,"action":"IDE_ACTIVATED"}
{"ts":1712537100460,"action":"FILE_CLOSED","file":"/src/main/java/com/teamapt/monnify/sdk/customview/MonnifyBrandContainer.kt","tags":{"FILE_LINE_OF_CODE":"16"}}
{"ts":1712537100460,"action":"FILE_OPENED","file":"/src/main/java/com/teamapt/monnify/sdk/util/TypeAliases.kt","tags":{"FILE_LINE_OF_CODE":"8"}}
{"ts":1712537413787,"action":"IDE_DEACTIVATED"}
{"ts":1712537491533,"action":"IDE_ACTIVATED"}
{"ts":1712537536119,"action":"IDE_DEACTIVATED"}
{"ts":1712537541865,"action":"IDE_ACTIVATED"}
{"ts":1712537544747,"action":"IDE_DEACTIVATED"}
{"ts":1712537556946,"action":"IDE_ACTIVATED"}
{"ts":1712537571263,"action":"IDE_DEACTIVATED"}
{"ts":1712537573218,"action":"IDE_ACTIVATED"}
{"ts":1712537584602,"action":"IDE_DEACTIVATED"}
{"ts":1712537585995,"action":"IDE_ACTIVATED"}
{"ts":1712537703094,"action":"IDE_DEACTIVATED"}
{"ts":1712537708484,"action":"IDE_ACTIVATED"}
{"ts":1712537758222,"action":"IDE_DEACTIVATED"}
{"ts":1712537764973,"action":"IDE_ACTIVATED"}
{"ts":1712537834109,"action":"FILE_CLOSED","file":"/src/main/java/com/teamapt/monnify/sdk/util/TypeAliases.kt","tags":{"FILE_LINE_OF_CODE":"8"}}
{"ts":1712537834109,"action":"FILE_OPENED","file":"/src/main/AndroidManifest.xml","tags":{"FILE_LINE_OF_CODE":"19"}}
{"ts":1712537865704,"action":"IDE_DEACTIVATED"}
{"ts":1712537928073,"action":"IDE_ACTIVATED"}
{"ts":1712538016994,"action":"IDE_DEACTIVATED"}
{"ts":1712538124729,"action":"IDE_ACTIVATED"}
{"ts":1712538142846,"action":"IDE_DEACTIVATED"}
{"ts":1712538204572,"action":"IDE_ACTIVATED"}
{"ts":1712538579783,"action":"IDE_DEACTIVATED"}
{"ts":1712538759537,"action":"PROJECT_CLOSED","tags":{"PROJECT_NAME":"monnify_payment_sdk"}}
{"ts":1712568575937,"action":"FILE_OPENED","file":"/build.gradle","tags":{"FILE_LINE_OF_CODE":"155"}}
{"ts":1712568577299,"action":"FILE_CLOSED","file":"/build.gradle","tags":{"FILE_LINE_OF_CODE":"155"}}
{"ts":1712568577299,"action":"FILE_OPENED","file":"/src/main/AndroidManifest.xml","tags":{"FILE_LINE_OF_CODE":"19"}}
{"ts":1712568577092,"action":"PROJECT_OPENED","tags":{"PROJECT_NAME":"monnify_payment_sdk"}}
{"ts":1712568622149,"action":"FILE_CLOSED","file":"/src/main/AndroidManifest.xml","tags":{"FILE_LINE_OF_CODE":"19"}}
{"ts":1712568622149,"action":"FILE_OPENED","file":"/build.gradle","tags":{"FILE_LINE_OF_CODE":"155"}}
{"ts":1712569522656,"action":"PROJECT_OPENED","tags":{"PROJECT_NAME":"monnify_payment_sdk"}}
{"ts":1712569541892,"action":"FILE_OPENED","file":"/src/main/AndroidManifest.xml","tags":{"FILE_LINE_OF_CODE":"19"}}
{"ts":1712569606374,"action":"IDE_DEACTIVATED"}
{"ts":1712569606376,"action":"IDE_ACTIVATED"}
{"ts":1712569829866,"action":"FILE_CLOSED","file":"/src/main/AndroidManifest.xml","tags":{"FILE_LINE_OF_CODE":"19"}}
{"ts":1712569829866,"action":"FILE_OPENED","file":"/src/main/kotlin/com/monnify/monnify_payment_sdk/Monnify.kt","tags":{"FILE_LINE_OF_CODE":"108"}}
{"ts":1712569842285,"action":"FILE_CLOSED","file":"/src/main/kotlin/com/monnify/monnify_payment_sdk/Monnify.kt","tags":{"FILE_LINE_OF_CODE":"108"}}
{"ts":1712569842285,"action":"FILE_OPENED","file":"/src/main/java/com/teamapt/monnify/sdk/customview/MonnifyErrorTextView.kt","tags":{"FILE_LINE_OF_CODE":"71"}}
{"ts":1712569869345,"action":"FILE_OPENED","file":"/src/main/kotlin/com/monnify/monnify_payment_sdk/Monnify.kt","tags":{"FILE_LINE_OF_CODE":"108"}}
{"ts":1712569952844,"action":"FILE_CLOSED","file":"/src/main/kotlin/com/monnify/monnify_payment_sdk/Monnify.kt","tags":{"FILE_LINE_OF_CODE":"108"}}
{"ts":1712569952844,"action":"FILE_OPENED","file":"/src/main/AndroidManifest.xml","tags":{"FILE_LINE_OF_CODE":"19"}}
{"ts":1712569963522,"action":"FILE_CLOSED","file":"/src/main/AndroidManifest.xml","tags":{"FILE_LINE_OF_CODE":"19"}}
{"ts":1712569963522,"action":"FILE_OPENED","file":"/src/main/kotlin/com/monnify/monnify_payment_sdk/module/view/activity/SdkActivity.kt","tags":{"FILE_LINE_OF_CODE":"287"}}
{"ts":1712570074774,"action":"IDE_DEACTIVATED"}
{"ts":1712570122685,"action":"IDE_ACTIVATED"}
{"ts":1712570168239,"action":"IDE_DEACTIVATED"}
{"ts":1712570212532,"action":"IDE_ACTIVATED"}
{"ts":1712570246926,"action":"FILE_CLOSED","file":"/src/main/kotlin/com/monnify/monnify_payment_sdk/module/view/activity/SdkActivity.kt","tags":{"FILE_LINE_OF_CODE":"288"}}
{"ts":1712570246926,"action":"FILE_OPENED","file":"/src/main/kotlin/com/monnify/monnify_payment_sdk/MonnifyPaymentSdkPlugin.kt","tags":{"FILE_LINE_OF_CODE":"249"}}
{"ts":1712570253834,"action":"FILE_CLOSED","file":"/src/main/kotlin/com/monnify/monnify_payment_sdk/MonnifyPaymentSdkPlugin.kt","tags":{"FILE_LINE_OF_CODE":"249"}}
{"ts":1712570253834,"action":"FILE_OPENED","file":"/src/main/kotlin/com/monnify/monnify_payment_sdk/MonnifyTransactionResponse.kt","tags":{"FILE_LINE_OF_CODE":"80"}}
{"ts":1712570256059,"action":"FILE_CLOSED","file":"/src/main/kotlin/com/monnify/monnify_payment_sdk/MonnifyTransactionResponse.kt","tags":{"FILE_LINE_OF_CODE":"80"}}
{"ts":1712570256059,"action":"FILE_OPENED","file":"/src/main/kotlin/com/monnify/monnify_payment_sdk/Status.kt","tags":{"FILE_LINE_OF_CODE":"37"}}
{"ts":1712570257619,"action":"FILE_CLOSED","file":"/src/main/kotlin/com/monnify/monnify_payment_sdk/Status.kt","tags":{"FILE_LINE_OF_CODE":"37"}}
{"ts":1712570257619,"action":"FILE_OPENED","file":"/src/main/kotlin/com/monnify/monnify_payment_sdk/service/WebSocket.kt","tags":{"FILE_LINE_OF_CODE":"8"}}
{"ts":1712570258957,"action":"FILE_CLOSED","file":"/src/main/kotlin/com/monnify/monnify_payment_sdk/service/WebSocket.kt","tags":{"FILE_LINE_OF_CODE":"8"}}
{"ts":1712570258957,"action":"FILE_OPENED","file":"/src/main/kotlin/com/monnify/monnify_payment_sdk/service/StompService.kt","tags":{"FILE_LINE_OF_CODE":"94"}}
{"ts":1712570260109,"action":"FILE_CLOSED","file":"/src/main/kotlin/com/monnify/monnify_payment_sdk/service/StompService.kt","tags":{"FILE_LINE_OF_CODE":"94"}}
{"ts":1712570260109,"action":"FILE_OPENED","file":"/src/main/kotlin/com/monnify/monnify_payment_sdk/service/RestService.kt","tags":{"FILE_LINE_OF_CODE":"118"}}
{"ts":1712570261577,"action":"FILE_CLOSED","file":"/src/main/kotlin/com/monnify/monnify_payment_sdk/service/RestService.kt","tags":{"FILE_LINE_OF_CODE":"118"}}
{"ts":1712570261577,"action":"FILE_OPENED","file":"/src/main/kotlin/com/monnify/monnify_payment_sdk/service/Environment.kt","tags":{"FILE_LINE_OF_CODE":"11"}}
{"ts":1712570267117,"action":"FILE_CLOSED","file":"/src/main/kotlin/com/monnify/monnify_payment_sdk/service/Environment.kt","tags":{"FILE_LINE_OF_CODE":"11"}}
{"ts":1712570267117,"action":"FILE_OPENED","file":"/src/main/kotlin/com/monnify/monnify_payment_sdk/customview/MonnifyBrandContainer.kt","tags":{"FILE_LINE_OF_CODE":"15"}}
{"ts":1712570269352,"action":"FILE_CLOSED","file":"/src/main/kotlin/com/monnify/monnify_payment_sdk/customview/MonnifyBrandContainer.kt","tags":{"FILE_LINE_OF_CODE":"15"}}
{"ts":1712570269352,"action":"FILE_OPENED","file":"/src/main/kotlin/com/monnify/monnify_payment_sdk/customview/MonnifyDropDownView.kt","tags":{"FILE_LINE_OF_CODE":"141"}}
{"ts":1712570271065,"action":"FILE_CLOSED","file":"/src/main/kotlin/com/monnify/monnify_payment_sdk/customview/MonnifyDropDownView.kt","tags":{"FILE_LINE_OF_CODE":"141"}}
{"ts":1712570271065,"action":"FILE_OPENED","file":"/src/main/kotlin/com/monnify/monnify_payment_sdk/customview/MonnifyLetterSpacingTextView.kt","tags":{"FILE_LINE_OF_CODE":"67"}}
{"ts":1712570479221,"action":"IDE_DEACTIVATED"}
{"ts":1712570501230,"action":"IDE_ACTIVATED"}
{"ts":1712570502853,"action":"IDE_DEACTIVATED"}
{"ts":1712570527324,"action":"IDE_ACTIVATED"}
{"ts":1712570665848,"action":"IDE_DEACTIVATED"}
{"ts":1712570697741,"action":"IDE_ACTIVATED"}
{"ts":1712570896201,"action":"IDE_DEACTIVATED"}
{"ts":1712572575205,"action":"IDE_ACTIVATED"}
{"ts":1712572668241,"action":"FILE_CLOSED","file":"/src/main/kotlin/com/monnify/monnify_payment_sdk/customview/MonnifyLetterSpacingTextView.kt","tags":{"FILE_LINE_OF_CODE":"67"}}
{"ts":1712572668241,"action":"FILE_OPENED","file":"/src/main/kotlin/com/monnify/monnify_payment_sdk/module/view/fragment/BankPaymentFragment.kt","tags":{"FILE_LINE_OF_CODE":"68"}}
{"ts":1712573042520,"action":"FILE_CLOSED","file":"/src/main/kotlin/com/monnify/monnify_payment_sdk/module/view/fragment/BankPaymentFragment.kt","tags":{"FILE_LINE_OF_CODE":"69"}}
{"ts":1712573042520,"action":"FILE_OPENED","file":"/src/main/kotlin/com/monnify/monnify_payment_sdk/MonnifyPaymentSdkPlugin.kt","tags":{"FILE_LINE_OF_CODE":"249"}}
{"ts":1712573162639,"action":"IDE_DEACTIVATED"}
{"ts":1712573200988,"action":"IDE_ACTIVATED"}
{"ts":1712573642269,"action":"IDE_DEACTIVATED"}
{"ts":1712573642271,"action":"IDE_ACTIVATED"}
{"ts":1712573650251,"action":"FILE_OPENED","file":"/src/main/kotlin/com/monnify/monnify_payment_sdk/module/view/fragment/BankPaymentFragment.kt","tags":{"FILE_LINE_OF_CODE":"69"}}
{"ts":1712573650328,"action":"FILE_CLOSED","file":"/src/main/kotlin/com/monnify/monnify_payment_sdk/module/view/fragment/BankPaymentFragment.kt","tags":{"FILE_LINE_OF_CODE":"69"}}
{"ts":1712573650328,"action":"FILE_OPENED","file":"/src/main/kotlin/com/monnify/monnify_payment_sdk/MonnifyTransactionResponse.kt","tags":{"FILE_LINE_OF_CODE":"80"}}
{"ts":1712573667303,"action":"FILE_CLOSED","file":"/src/main/kotlin/com/monnify/monnify_payment_sdk/MonnifyTransactionResponse.kt","tags":{"FILE_LINE_OF_CODE":"80"}}
{"ts":1712573667303,"action":"FILE_OPENED","file":"/src/main/kotlin/com/monnify/monnify_payment_sdk/MonnifyPaymentSdkPlugin.kt","tags":{"FILE_LINE_OF_CODE":"249"}}
{"ts":1712573691297,"action":"IDE_DEACTIVATED"}
{"ts":1712573691299,"action":"IDE_ACTIVATED"}
{"ts":1712573809880,"action":"IDE_DEACTIVATED"}
{"ts":1712573834695,"action":"IDE_ACTIVATED"}
{"ts":1712573853839,"action":"IDE_DEACTIVATED"}
{"ts":1712573899581,"action":"IDE_ACTIVATED"}
{"ts":1712573955519,"action":"FILE_CLOSED","file":"/src/main/kotlin/com/monnify/monnify_payment_sdk/MonnifyPaymentSdkPlugin.kt","tags":{"FILE_LINE_OF_CODE":"250"}}
{"ts":1712573955519,"action":"FILE_OPENED","file":"/build.gradle","tags":{"FILE_LINE_OF_CODE":"155"}}
{"ts":1712574131839,"action":"FILE_CLOSED","file":"/build.gradle","tags":{"FILE_LINE_OF_CODE":"155"}}
{"ts":1712574131839,"action":"FILE_OPENED","file":"/src/main/kotlin/com/monnify/monnify_payment_sdk/MonnifyPaymentSdkPlugin.kt","tags":{"FILE_LINE_OF_CODE":"250"}}
{"ts":1712574848306,"action":"IDE_DEACTIVATED"}
{"ts":1712574848307,"action":"IDE_ACTIVATED"}
{"ts":1712574922703,"action":"IDE_DEACTIVATED"}
{"ts":1712574922710,"action":"IDE_ACTIVATED"}
{"ts":1712574939377,"action":"FILE_CLOSED","file":"/src/main/kotlin/com/monnify/monnify_payment_sdk/MonnifyPaymentSdkPlugin.kt","tags":{"FILE_LINE_OF_CODE":"250"}}
{"ts":1712574939377,"action":"FILE_OPENED","file":"/build.gradle","tags":{"FILE_LINE_OF_CODE":"155"}}
{"ts":1712574953743,"action":"FILE_CLOSED","file":"/build.gradle","tags":{"FILE_LINE_OF_CODE":"155"}}
{"ts":1712574953743,"action":"FILE_OPENED","file":"/src/main/java/com/teamapt/monnify/monnify_payment_sdk/MonnifyTransactionResponse.kt","tags":{"FILE_LINE_OF_CODE":"80"}}
{"ts":1712574969190,"action":"FILE_CLOSED","file":"/src/main/java/com/teamapt/monnify/monnify_payment_sdk/MonnifyTransactionResponse.kt","tags":{"FILE_LINE_OF_CODE":"80"}}
{"ts":1712574969190,"action":"FILE_OPENED","file":"/src/main/java/com/teamapt/monnify/monnify_payment_sdk/util/TestCard.kt","tags":{"FILE_LINE_OF_CODE":"57"}}
{"ts":1712574976401,"action":"IDE_DEACTIVATED"}
{"ts":1712575040904,"action":"IDE_ACTIVATED"}
{"ts":1712575049398,"action":"IDE_DEACTIVATED"}
{"ts":1712575049399,"action":"IDE_ACTIVATED"}
{"ts":1712575061218,"action":"IDE_DEACTIVATED"}
{"ts":1712575062609,"action":"IDE_ACTIVATED"}
{"ts":1712575106123,"action":"IDE_DEACTIVATED"}
{"ts":1712575106127,"action":"IDE_ACTIVATED"}
