{"ts":1712498946597,"action":"PROJECT_OPENED","tags":{"PROJECT_NAME":"monnify_payment_sdk-1.0.3"}}
{"ts":1712498949395,"action":"FILE_OPENED","file":"/README.md","tags":{"FILE_LINE_OF_CODE":"95"}}
{"ts":1712498960937,"action":"FILE_CLOSED","file":"/README.md","tags":{"FILE_LINE_OF_CODE":"95"}}
{"ts":1712498960937,"action":"FILE_OPENED","file":"/android/build.gradle","tags":{"FILE_LINE_OF_CODE":"56"}}
{"ts":1712499016804,"action":"FILE_CLOSED","file":"/android/build.gradle","tags":{"FILE_LINE_OF_CODE":"56"}}
{"ts":1712499016804,"action":"FILE_OPENED","file":"/lib/src/models/transaction_details.dart","tags":{"FILE_LINE_OF_CODE":"136"}}
{"ts":1712499025390,"action":"FILE_CLOSED","file":"/lib/src/models/transaction_details.dart","tags":{"FILE_LINE_OF_CODE":"136"}}
{"ts":1712499025391,"action":"FILE_OPENED","file":"/android/build.gradle","tags":{"FILE_LINE_OF_CODE":"56"}}
{"ts":1712499032726,"action":"FILE_CLOSED","file":"/android/build.gradle","tags":{"FILE_LINE_OF_CODE":"56"}}
{"ts":1712499032726,"action":"FILE_OPENED","file":"/android/settings.gradle","tags":{"FILE_LINE_OF_CODE":"2"}}
{"ts":1712499043245,"action":"IDE_DEACTIVATED"}
{"ts":1712499043247,"action":"IDE_ACTIVATED"}
{"ts":1712499098232,"action":"IDE_DEACTIVATED"}
{"ts":1712499102999,"action":"IDE_ACTIVATED"}
{"ts":1712499104268,"action":"PROJECT_CLOSED","tags":{"PROJECT_NAME":"monnify_payment_sdk-1.0.3"}}
{"ts":1712504463576,"action":"FILE_OPENED","file":"/README.md","tags":{"FILE_LINE_OF_CODE":"95"}}
{"ts":1712504462739,"action":"PROJECT_OPENED","tags":{"PROJECT_NAME":"monnify_payment_sdk-1.0.3"}}
{"ts":1712504464228,"action":"FILE_CLOSED","file":"/README.md","tags":{"FILE_LINE_OF_CODE":"95"}}
{"ts":1712504464228,"action":"FILE_OPENED","file":"/android/settings.gradle","tags":{"FILE_LINE_OF_CODE":"3"}}
{"ts":1712504473521,"action":"FILE_CLOSED","file":"/android/settings.gradle","tags":{"FILE_LINE_OF_CODE":"3"}}
{"ts":1712504473521,"action":"FILE_OPENED","file":"/lib/src/models/transaction_details.dart","tags":{"FILE_LINE_OF_CODE":"136"}}
{"ts":1712504525992,"action":"IDE_DEACTIVATED"}
{"ts":1712504635549,"action":"IDE_ACTIVATED"}
{"ts":1712504662401,"action":"IDE_DEACTIVATED"}
{"ts":1712504667654,"action":"IDE_ACTIVATED"}
{"ts":1712504688807,"action":"IDE_DEACTIVATED"}
{"ts":1712504688872,"action":"IDE_ACTIVATED"}
{"ts":1712504728971,"action":"IDE_DEACTIVATED"}
{"ts":1712504732651,"action":"IDE_ACTIVATED"}
{"ts":1712504752531,"action":"IDE_DEACTIVATED"}
{"ts":1712504845443,"action":"IDE_ACTIVATED"}
{"ts":1712504867668,"action":"IDE_DEACTIVATED"}
{"ts":1712504869917,"action":"IDE_ACTIVATED"}
{"ts":1712504886396,"action":"IDE_DEACTIVATED"}
{"ts":1712504892140,"action":"IDE_ACTIVATED"}
{"ts":1712504903782,"action":"IDE_DEACTIVATED"}
{"ts":1712504914030,"action":"IDE_ACTIVATED"}
{"ts":1712504927135,"action":"PROJECT_CLOSED","tags":{"PROJECT_NAME":"monnify_payment_sdk-1.0.3"}}
{"ts":1712504998165,"action":"PROJECT_OPENED","tags":{"PROJECT_NAME":"monnify_payment_sdk-1.0.3"}}
{"ts":1712505356829,"action":"IDE_DEACTIVATED"}
{"ts":1712505356893,"action":"IDE_ACTIVATED"}
{"ts":1712505366991,"action":"IDE_DEACTIVATED"}
{"ts":1712505402181,"action":"IDE_ACTIVATED"}
{"ts":1712505464363,"action":"IDE_DEACTIVATED"}
{"ts":1712505501475,"action":"IDE_ACTIVATED"}
{"ts":1712505504059,"action":"IDE_DEACTIVATED"}
{"ts":1712505509398,"action":"IDE_ACTIVATED"}
{"ts":1712505531400,"action":"IDE_DEACTIVATED"}
{"ts":1712505533001,"action":"IDE_ACTIVATED"}
{"ts":1712505538515,"action":"IDE_DEACTIVATED"}
{"ts":1712505545291,"action":"IDE_ACTIVATED"}
{"ts":1712505669313,"action":"IDE_DEACTIVATED"}
{"ts":1712505669314,"action":"IDE_ACTIVATED"}
{"ts":1712505682259,"action":"IDE_DEACTIVATED"}
{"ts":1712514905225,"action":"IDE_ACTIVATED"}
{"ts":1712514905366,"action":"IDE_DEACTIVATED"}
{"ts":1712514943149,"action":"IDE_ACTIVATED"}
{"ts":1712515057639,"action":"IDE_DEACTIVATED"}
{"ts":1712515057642,"action":"IDE_ACTIVATED"}
{"ts":1712515061568,"action":"IDE_DEACTIVATED"}
{"ts":1712515061571,"action":"IDE_ACTIVATED"}
{"ts":1712515138567,"action":"IDE_DEACTIVATED"}
{"ts":1712515138569,"action":"IDE_ACTIVATED"}
{"ts":1712515218998,"action":"IDE_DEACTIVATED"}
{"ts":1712515249718,"action":"IDE_ACTIVATED"}
{"ts":1712515281559,"action":"IDE_DEACTIVATED"}
{"ts":1712515281560,"action":"IDE_ACTIVATED"}
{"ts":1712515329172,"action":"IDE_DEACTIVATED"}
{"ts":1712515334952,"action":"IDE_ACTIVATED"}
{"ts":1712515379472,"action":"IDE_DEACTIVATED"}
{"ts":1712515385909,"action":"IDE_ACTIVATED"}
{"ts":1712515437604,"action":"IDE_DEACTIVATED"}
{"ts":1712515437605,"action":"IDE_ACTIVATED"}
{"ts":1712515457215,"action":"PROJECT_CLOSED","tags":{"PROJECT_NAME":"monnify_payment_sdk-1.0.3"}}
{"ts":1712515540360,"action":"PROJECT_OPENED","tags":{"PROJECT_NAME":"monnify_payment_sdk-1.0.3"}}
{"ts":1712515549141,"action":"PROJECT_CLOSED","tags":{"PROJECT_NAME":"monnify_payment_sdk-1.0.3"}}
{"ts":1712522257315,"action":"PROJECT_OPENED","tags":{"PROJECT_NAME":"monnify_payment_sdk-1.0.3"}}
{"ts":1712522297591,"action":"IDE_DEACTIVATED"}
{"ts":1712522297593,"action":"IDE_ACTIVATED"}
{"ts":1712522306641,"action":"PROJECT_CLOSED","tags":{"PROJECT_NAME":"monnify_payment_sdk-1.0.3"}}
{"ts":1712522334980,"action":"PROJECT_OPENED","tags":{"PROJECT_NAME":"monnify_payment_sdk-1.0.3"}}
{"ts":1712522383172,"action":"IDE_DEACTIVATED"}
{"ts":1712522402119,"action":"IDE_ACTIVATED"}
{"ts":1712522427023,"action":"IDE_DEACTIVATED"}
{"ts":1712522444503,"action":"IDE_ACTIVATED"}
{"ts":1712522461028,"action":"IDE_DEACTIVATED"}
{"ts":1712522588177,"action":"IDE_ACTIVATED"}
{"ts":1712522598193,"action":"IDE_DEACTIVATED"}
{"ts":1712522644603,"action":"IDE_ACTIVATED"}
{"ts":1712522678686,"action":"IDE_DEACTIVATED"}
{"ts":1712522703625,"action":"IDE_ACTIVATED"}
{"ts":1712522711778,"action":"IDE_DEACTIVATED"}
{"ts":1712522715506,"action":"IDE_ACTIVATED"}
{"ts":1712522729833,"action":"IDE_DEACTIVATED"}
{"ts":1712522913814,"action":"IDE_ACTIVATED"}
{"ts":1712522943790,"action":"IDE_DEACTIVATED"}
{"ts":1712522954276,"action":"IDE_ACTIVATED"}
{"ts":1712523045176,"action":"IDE_DEACTIVATED"}
{"ts":1712523208278,"action":"IDE_ACTIVATED"}
{"ts":1712523212182,"action":"IDE_DEACTIVATED"}
{"ts":1712523212186,"action":"IDE_ACTIVATED"}
{"ts":1712523316994,"action":"IDE_DEACTIVATED"}
{"ts":1712523324782,"action":"IDE_ACTIVATED"}
{"ts":1712523326750,"action":"IDE_DEACTIVATED"}
{"ts":1712523371191,"action":"IDE_ACTIVATED"}
{"ts":1712523390961,"action":"IDE_DEACTIVATED"}
{"ts":1712523399350,"action":"IDE_ACTIVATED"}
{"ts":1712523499000,"action":"IDE_DEACTIVATED"}
{"ts":1712523510998,"action":"IDE_ACTIVATED"}
{"ts":1712523515781,"action":"IDE_DEACTIVATED"}
{"ts":1712523537492,"action":"IDE_ACTIVATED"}
{"ts":1712523540844,"action":"IDE_DEACTIVATED"}
{"ts":1712523570684,"action":"IDE_ACTIVATED"}
{"ts":1712523574236,"action":"IDE_DEACTIVATED"}
{"ts":1712531164365,"action":"IDE_ACTIVATED"}
{"ts":1712531168887,"action":"IDE_DEACTIVATED"}
{"ts":1712533919495,"action":"IDE_ACTIVATED"}
{"ts":1712533982734,"action":"IDE_DEACTIVATED"}
{"ts":1712533984315,"action":"IDE_ACTIVATED"}
{"ts":1712534114160,"action":"IDE_DEACTIVATED"}
{"ts":1712534114163,"action":"IDE_ACTIVATED"}
{"ts":1712534173035,"action":"IDE_DEACTIVATED"}
{"ts":1712534201113,"action":"IDE_ACTIVATED"}
{"ts":1712534286708,"action":"IDE_DEACTIVATED"}
{"ts":1712534292523,"action":"IDE_ACTIVATED"}
{"ts":1712534303703,"action":"IDE_DEACTIVATED"}
{"ts":1712534304985,"action":"IDE_ACTIVATED"}
{"ts":1712534536244,"action":"FILE_OPENED","file":"file:///Users/johnokore/Documents/monnify-android-sdk-nath-dev/sdk/src/main/java/com/teamapt/monnify/sdk/Monnify.kt","tags":{"FILE_LINE_OF_CODE":"108"}}
{"ts":1712534555587,"action":"FILE_CLOSED","file":"file:///Users/johnokore/Documents/monnify-android-sdk-nath-dev/sdk/src/main/java/com/teamapt/monnify/sdk/Monnify.kt","tags":{"FILE_LINE_OF_CODE":"108"}}
{"ts":1712534564304,"action":"IDE_DEACTIVATED"}
{"ts":1712534564305,"action":"IDE_ACTIVATED"}
{"ts":1712534569014,"action":"IDE_DEACTIVATED"}
{"ts":1712534569015,"action":"IDE_ACTIVATED"}
{"ts":1712534637285,"action":"IDE_DEACTIVATED"}
{"ts":1712534637286,"action":"IDE_ACTIVATED"}
{"ts":1712534742983,"action":"IDE_DEACTIVATED"}
{"ts":1712534762497,"action":"IDE_ACTIVATED"}
{"ts":1712534939234,"action":"IDE_DEACTIVATED"}
{"ts":1712534945489,"action":"IDE_ACTIVATED"}
{"ts":1712534951313,"action":"IDE_DEACTIVATED"}
{"ts":1712534951341,"action":"IDE_ACTIVATED"}
{"ts":1712535079934,"action":"IDE_DEACTIVATED"}
{"ts":1712535079939,"action":"IDE_ACTIVATED"}
{"ts":1712535256439,"action":"IDE_DEACTIVATED"}
{"ts":1712535267329,"action":"IDE_ACTIVATED"}
{"ts":1712535271222,"action":"IDE_DEACTIVATED"}
